<?xml version="1.0" encoding="utf-8"?>
<TestRun id="e6340f13-0209-4edb-a7ee-f09e87b82f5c" name="cex@LAPTOP-7HKGG9U3 2026-05-24 11:12:25" runUser="LAPTOP-7HKGG9U3\cex" xmlns="http://microsoft.com/schemas/VisualStudio/TeamTest/2010">
  <Times creation="2026-05-24T11:12:25.4350944+01:00" queuing="2026-05-24T11:12:25.4350949+01:00" start="2026-05-24T11:12:23.8101712+01:00" finish="2026-05-24T11:12:26.7182497+01:00" />
  <TestSettings name="default" id="810ae170-01ed-4a07-89aa-c5b53ae6f449">
    <Deployment runDeploymentRoot="cex_LAPTOP-7HKGG9U3_2026-05-24_11_12_25" />
  </TestSettings>
  <Results>
    <UnitTestResult executionId="2c1d0a67-cb81-4a2e-bacd-72c1bd237df4" testId="64bde8eb-283e-81c1-cfc9-5a5253ea1245" testName="EvalApp.Solid.Starter.Tests.Features.RulesEngine.RulesEnginePipelineTests.WhenVipWithClearanceAndPromo_Then_MaximumDiscount" computerName="LAPTOP-7HKGG9U3" duration="00:00:00.0006666" startTime="2026-05-24T11:12:26.6510211+01:00" endTime="2026-05-24T11:12:26.6510213+01:00" testType="13cdc9d9-ddb5-4fa4-a97d-d965ccfc6d4b" outcome="Passed" testListId="8c84fa94-04c1-424b-9868-57a2d4851a1d" relativeResultsDirectory="2c1d0a67-cb81-4a2e-bacd-72c1bd237df4" />
    <UnitTestResult executionId="9caf2493-8c27-4e50-8ac5-4b80bc69263a" testId="1c860e3a-689c-e0cb-7686-bdc4c344db38" testName="EvalApp.Solid.Starter.Tests.Features.RulesEngine.EvaluateDiscountEligibilityStepTests.WhenNewShopper_Then_NotEligibleForDiscount" computerName="LAPTOP-7HKGG9U3" duration="00:00:00.0002680" startTime="2026-05-24T11:12:25.3750586+01:00" endTime="2026-05-24T11:12:25.3750588+01:00" testType="13cdc9d9-ddb5-4fa4-a97d-d965ccfc6d4b" outcome="Passed" testListId="8c84fa94-04c1-424b-9868-57a2d4851a1d" relativeResultsDirectory="9caf2493-8c27-4e50-8ac5-4b80bc69263a" />
    <UnitTestResult executionId="5fba05e9-748d-4171-81a6-10280f2b4822" testId="6dac7de1-f437-e2d8-f1a8-6ebc379374d3" testName="EvalApp.Solid.Starter.Tests.Features.RulesEngine.EvaluateDiscountEligibilityStepTests.WhenHighPurchaseHistory_Then_EligibleForDiscount" computerName="LAPTOP-7HKGG9U3" duration="00:00:00.0001544" startTime="2026-05-24T11:12:25.3747535+01:00" endTime="2026-05-24T11:12:25.3747537+01:00" testType="13cdc9d9-ddb5-4fa4-a97d-d965ccfc6d4b" outcome="Passed" testListId="8c84fa94-04c1-424b-9868-57a2d4851a1d" relativeResultsDirectory="5fba05e9-748d-4171-81a6-10280f2b4822" />
    <UnitTestResult executionId="f4afc003-0d2b-41b6-8b7f-f019b4813dae" testId="05e0f630-85db-505d-982b-b6a2b98cfd03" testName="EvalApp.Solid.Starter.Tests.UnitTest1.Test1" computerName="LAPTOP-7HKGG9U3" duration="00:00:00.0020528" startTime="2026-05-24T11:12:25.1185734+01:00" endTime="2026-05-24T11:12:25.1185901+01:00" testType="13cdc9d9-ddb5-4fa4-a97d-d965ccfc6d4b" outcome="Passed" testListId="8c84fa94-04c1-424b-9868-57a2d4851a1d" relativeResultsDirectory="f4afc003-0d2b-41b6-8b7f-f019b4813dae" />
    <UnitTestResult executionId="fa21c1f9-2b0d-4ca6-8ab0-f78e351ce359" testId="2e1e13fe-d801-cf11-6fce-3b4c3fa5cb0c" testName="EvalApp.Solid.Starter.Tests.Features.RulesEngine.ApplyPromotionRulesStepTests.WhenVipAndClearance_Then_HighestDiscount" computerName="LAPTOP-7HKGG9U3" duration="00:00:00.0023513" startTime="2026-05-24T11:12:25.4051299+01:00" endTime="2026-05-24T11:12:25.4051299+01:00" testType="13cdc9d9-ddb5-4fa4-a97d-d965ccfc6d4b" outcome="Passed" testListId="8c84fa94-04c1-424b-9868-57a2d4851a1d" relativeResultsDirectory="fa21c1f9-2b0d-4ca6-8ab0-f78e351ce359" />
    <UnitTestResult executionId="a0fa9bb2-bfd4-418f-90f8-1e3bdb0c8625" testId="ff521fea-5883-1e87-727b-3ad37abbec25" testName="EvalApp.Solid.Starter.Tests.Features.RulesEngine.ApplyPromotionRulesStepTests.WhenNotEligible_Then_NoDiscount" computerName="LAPTOP-7HKGG9U3" duration="00:00:00.0001543" startTime="2026-05-24T11:12:25.4049609+01:00" endTime="2026-05-24T11:12:25.4049612+01:00" testType="13cdc9d9-ddb5-4fa4-a97d-d965ccfc6d4b" outcome="Passed" testListId="8c84fa94-04c1-424b-9868-57a2d4851a1d" relativeResultsDirectory="a0fa9bb2-bfd4-418f-90f8-1e3bdb0c8625" />
    <UnitTestResult executionId="7b6b174a-cc5e-4916-b47a-8bc2dc9fde91" testId="cf39f18a-48b4-9d1c-538c-cb8b2a883c58" testName="EvalApp.Solid.Starter.Tests.Features.RulesEngine.CalculateFinalPriceStepTests.WhenNoDiscount_Then_FinalPriceEqualsNetPrice" computerName="LAPTOP-7HKGG9U3" duration="00:00:00.2635659" startTime="2026-05-24T11:12:25.3771604+01:00" endTime="2026-05-24T11:12:25.3771608+01:00" testType="13cdc9d9-ddb5-4fa4-a97d-d965ccfc6d4b" outcome="Passed" testListId="8c84fa94-04c1-424b-9868-57a2d4851a1d" relativeResultsDirectory="7b6b174a-cc5e-4916-b47a-8bc2dc9fde91" />
    <UnitTestResult executionId="de3c09b3-c178-4b27-a765-f54a52f1ba01" testId="3e3448d5-c66d-7513-14b6-5bc934ebfc72" testName="EvalApp.Solid.Starter.Tests.Features.RulesEngine.ApplyPromotionRulesStepTests.WhenClearanceItems_Then_20PercentDiscount" computerName="LAPTOP-7HKGG9U3" duration="00:00:00.0001566" startTime="2026-05-24T11:12:25.4053030+01:00" endTime="2026-05-24T11:12:25.4053031+01:00" testType="13cdc9d9-ddb5-4fa4-a97d-d965ccfc6d4b" outcome="Passed" testListId="8c84fa94-04c1-424b-9868-57a2d4851a1d" relativeResultsDirectory="de3c09b3-c178-4b27-a765-f54a52f1ba01" />
    <UnitTestResult executionId="a7f5893b-2a2f-4bb4-a7f0-da68ccadfa17" testId="38957c3a-a98f-9129-5e6f-c5751fdbecd4" testName="EvalApp.Solid.Starter.Tests.Features.RulesEngine.CalculateNetPriceStepTests.WhenMultipleItems_Then_SumsAllPrices" computerName="LAPTOP-7HKGG9U3" duration="00:00:00.0025324" startTime="2026-05-24T11:12:25.4051403+01:00" endTime="2026-05-24T11:12:25.4051404+01:00" testType="13cdc9d9-ddb5-4fa4-a97d-d965ccfc6d4b" outcome="Passed" testListId="8c84fa94-04c1-424b-9868-57a2d4851a1d" relativeResultsDirectory="a7f5893b-2a2f-4bb4-a7f0-da68ccadfa17" />
    <UnitTestResult executionId="1593b7c1-bd60-4613-950b-38bb79d623e5" testId="afca98b0-c316-f802-f9f7-8c2e0f8142af" testName="EvalApp.Solid.Starter.Tests.Features.RulesEngine.RulesEnginePipelineTests.WhenValidOrder_Then_PipelineCalculatesFinalPrice" computerName="LAPTOP-7HKGG9U3" duration="00:00:01.5365664" startTime="2026-05-24T11:12:26.6502255+01:00" endTime="2026-05-24T11:12:26.6502259+01:00" testType="13cdc9d9-ddb5-4fa4-a97d-d965ccfc6d4b" outcome="Passed" testListId="8c84fa94-04c1-424b-9868-57a2d4851a1d" relativeResultsDirectory="1593b7c1-bd60-4613-950b-38bb79d623e5" />
    <UnitTestResult executionId="9dbc35f9-e65d-4dca-bb2e-a91b1c2813b5" testId="bc675da6-b489-692d-ca7c-eba48ec2a28e" testName="EvalApp.Solid.Starter.Tests.Features.RulesEngine.EvaluateDiscountEligibilityStepTests.WhenHighTotalSpend_Then_EligibleForDiscount" computerName="LAPTOP-7HKGG9U3" duration="00:00:00.0003605" startTime="2026-05-24T11:12:25.3745241+01:00" endTime="2026-05-24T11:12:25.3745241+01:00" testType="13cdc9d9-ddb5-4fa4-a97d-d965ccfc6d4b" outcome="Passed" testListId="8c84fa94-04c1-424b-9868-57a2d4851a1d" relativeResultsDirectory="9dbc35f9-e65d-4dca-bb2e-a91b1c2813b5" />
    <UnitTestResult executionId="9241ab91-5fb2-4bab-9d1d-231ed6ff2a06" testId="76aa7ab7-6725-7889-402e-64cab62476e3" testName="EvalApp.Solid.Starter.Tests.Features.RulesEngine.EvaluateDiscountEligibilityStepTests.WhenVipShopper_Then_EligibleForDiscount" computerName="LAPTOP-7HKGG9U3" duration="00:00:00.2603787" startTime="2026-05-24T11:12:25.3740419+01:00" endTime="2026-05-24T11:12:25.3740428+01:00" testType="13cdc9d9-ddb5-4fa4-a97d-d965ccfc6d4b" outcome="Passed" testListId="8c84fa94-04c1-424b-9868-57a2d4851a1d" relativeResultsDirectory="9241ab91-5fb2-4bab-9d1d-231ed6ff2a06" />
    <UnitTestResult executionId="e3b4e8ce-158d-4e7b-9c8a-eddca28af346" testId="7dcb9fb2-f099-1aad-bd94-1801b2ff0748" testName="EvalApp.Solid.Starter.Tests.Features.RulesEngine.CalculateFinalPriceStepTests.WhenDiscount_Then_FinalPriceIsReduced" computerName="LAPTOP-7HKGG9U3" duration="00:00:00.0001502" startTime="2026-05-24T11:12:25.4049964+01:00" endTime="2026-05-24T11:12:25.4049965+01:00" testType="13cdc9d9-ddb5-4fa4-a97d-d965ccfc6d4b" outcome="Passed" testListId="8c84fa94-04c1-424b-9868-57a2d4851a1d" relativeResultsDirectory="e3b4e8ce-158d-4e7b-9c8a-eddca28af346" />
    <UnitTestResult executionId="06485372-e131-4a7f-a60d-2202e1ab078d" testId="3879dd3d-9de0-0123-6ada-1c5b9b58b08c" testName="EvalApp.Solid.Starter.Tests.Features.RulesEngine.CalculateNetPriceStepTests.WhenEmptyItems_Then_NetPriceIsZero" computerName="LAPTOP-7HKGG9U3" duration="00:00:00.2635558" startTime="2026-05-24T11:12:25.3772057+01:00" endTime="2026-05-24T11:12:25.3772058+01:00" testType="13cdc9d9-ddb5-4fa4-a97d-d965ccfc6d4b" outcome="Passed" testListId="8c84fa94-04c1-424b-9868-57a2d4851a1d" relativeResultsDirectory="06485372-e131-4a7f-a60d-2202e1ab078d" />
    <UnitTestResult executionId="c2257e83-e760-412d-ad04-d151ea0512c1" testId="2996de72-49ed-1271-c171-87321e2c8252" testName="EvalApp.Solid.Starter.Tests.Features.RulesEngine.ApplyPromotionRulesStepTests.WhenSummer20Promo_Then_15PercentDiscount" computerName="LAPTOP-7HKGG9U3" duration="00:00:00.2635832" startTime="2026-05-24T11:12:25.3771960+01:00" endTime="2026-05-24T11:12:25.3771961+01:00" testType="13cdc9d9-ddb5-4fa4-a97d-d965ccfc6d4b" outcome="Passed" testListId="8c84fa94-04c1-424b-9868-57a2d4851a1d" relativeResultsDirectory="c2257e83-e760-412d-ad04-d151ea0512c1" />
  </Results>
  <TestDefinitions>
    <UnitTest name="EvalApp.Solid.Starter.Tests.Features.RulesEngine.ApplyPromotionRulesStepTests.WhenClearanceItems_Then_20PercentDiscount" storage="c:\users\cex\repos-working\evalapp.solid.starter\tests\bin\release\net8.0\evalapp.solid.starter.tests.dll" id="3e3448d5-c66d-7513-14b6-5bc934ebfc72">
      <Execution id="de3c09b3-c178-4b27-a765-f54a52f1ba01" />
      <TestMethod codeBase="C:\Users\cex\repos-working\EvalApp.Solid.Starter\Tests\bin\Release\net8.0\EvalApp.Solid.Starter.Tests.dll" adapterTypeName="executor://xunit/VsTestRunner2/netcoreapp" className="EvalApp.Solid.Starter.Tests.Features.RulesEngine.ApplyPromotionRulesStepTests" name="WhenClearanceItems_Then_20PercentDiscount" />
    </UnitTest>
    <UnitTest name="EvalApp.Solid.Starter.Tests.UnitTest1.Test1" storage="c:\users\cex\repos-working\evalapp.solid.starter\tests\bin\release\net8.0\evalapp.solid.starter.tests.dll" id="05e0f630-85db-505d-982b-b6a2b98cfd03">
      <Execution id="f4afc003-0d2b-41b6-8b7f-f019b4813dae" />
      <TestMethod codeBase="C:\Users\cex\repos-working\EvalApp.Solid.Starter\Tests\bin\Release\net8.0\EvalApp.Solid.Starter.Tests.dll" adapterTypeName="executor://xunit/VsTestRunner2/netcoreapp" className="EvalApp.Solid.Starter.Tests.UnitTest1" name="Test1" />
    </UnitTest>
    <UnitTest name="EvalApp.Solid.Starter.Tests.Features.RulesEngine.CalculateNetPriceStepTests.WhenMultipleItems_Then_SumsAllPrices" storage="c:\users\cex\repos-working\evalapp.solid.starter\tests\bin\release\net8.0\evalapp.solid.starter.tests.dll" id="38957c3a-a98f-9129-5e6f-c5751fdbecd4">
      <Execution id="a7f5893b-2a2f-4bb4-a7f0-da68ccadfa17" />
      <TestMethod codeBase="C:\Users\cex\repos-working\EvalApp.Solid.Starter\Tests\bin\Release\net8.0\EvalApp.Solid.Starter.Tests.dll" adapterTypeName="executor://xunit/VsTestRunner2/netcoreapp" className="EvalApp.Solid.Starter.Tests.Features.RulesEngine.CalculateNetPriceStepTests" name="WhenMultipleItems_Then_SumsAllPrices" />
    </UnitTest>
    <UnitTest name="EvalApp.Solid.Starter.Tests.Features.RulesEngine.ApplyPromotionRulesStepTests.WhenVipAndClearance_Then_HighestDiscount" storage="c:\users\cex\repos-working\evalapp.solid.starter\tests\bin\release\net8.0\evalapp.solid.starter.tests.dll" id="2e1e13fe-d801-cf11-6fce-3b4c3fa5cb0c">
      <Execution id="fa21c1f9-2b0d-4ca6-8ab0-f78e351ce359" />
      <TestMethod codeBase="C:\Users\cex\repos-working\EvalApp.Solid.Starter\Tests\bin\Release\net8.0\EvalApp.Solid.Starter.Tests.dll" adapterTypeName="executor://xunit/VsTestRunner2/netcoreapp" className="EvalApp.Solid.Starter.Tests.Features.RulesEngine.ApplyPromotionRulesStepTests" name="WhenVipAndClearance_Then_HighestDiscount" />
    </UnitTest>
    <UnitTest name="EvalApp.Solid.Starter.Tests.Features.RulesEngine.EvaluateDiscountEligibilityStepTests.WhenHighPurchaseHistory_Then_EligibleForDiscount" storage="c:\users\cex\repos-working\evalapp.solid.starter\tests\bin\release\net8.0\evalapp.solid.starter.tests.dll" id="6dac7de1-f437-e2d8-f1a8-6ebc379374d3">
      <Execution id="5fba05e9-748d-4171-81a6-10280f2b4822" />
      <TestMethod codeBase="C:\Users\cex\repos-working\EvalApp.Solid.Starter\Tests\bin\Release\net8.0\EvalApp.Solid.Starter.Tests.dll" adapterTypeName="executor://xunit/VsTestRunner2/netcoreapp" className="EvalApp.Solid.Starter.Tests.Features.RulesEngine.EvaluateDiscountEligibilityStepTests" name="WhenHighPurchaseHistory_Then_EligibleForDiscount" />
    </UnitTest>
    <UnitTest name="EvalApp.Solid.Starter.Tests.Features.RulesEngine.EvaluateDiscountEligibilityStepTests.WhenVipShopper_Then_EligibleForDiscount" storage="c:\users\cex\repos-working\evalapp.solid.starter\tests\bin\release\net8.0\evalapp.solid.starter.tests.dll" id="76aa7ab7-6725-7889-402e-64cab62476e3">
      <Execution id="9241ab91-5fb2-4bab-9d1d-231ed6ff2a06" />
      <TestMethod codeBase="C:\Users\cex\repos-working\EvalApp.Solid.Starter\Tests\bin\Release\net8.0\EvalApp.Solid.Starter.Tests.dll" adapterTypeName="executor://xunit/VsTestRunner2/netcoreapp" className="EvalApp.Solid.Starter.Tests.Features.RulesEngine.EvaluateDiscountEligibilityStepTests" name="WhenVipShopper_Then_EligibleForDiscount" />
    </UnitTest>
    <UnitTest name="EvalApp.Solid.Starter.Tests.Features.RulesEngine.EvaluateDiscountEligibilityStepTests.WhenHighTotalSpend_Then_EligibleForDiscount" storage="c:\users\cex\repos-working\evalapp.solid.starter\tests\bin\release\net8.0\evalapp.solid.starter.tests.dll" id="bc675da6-b489-692d-ca7c-eba48ec2a28e">
      <Execution id="9dbc35f9-e65d-4dca-bb2e-a91b1c2813b5" />
      <TestMethod codeBase="C:\Users\cex\repos-working\EvalApp.Solid.Starter\Tests\bin\Release\net8.0\EvalApp.Solid.Starter.Tests.dll" adapterTypeName="executor://xunit/VsTestRunner2/netcoreapp" className="EvalApp.Solid.Starter.Tests.Features.RulesEngine.EvaluateDiscountEligibilityStepTests" name="WhenHighTotalSpend_Then_EligibleForDiscount" />
    </UnitTest>
    <UnitTest name="EvalApp.Solid.Starter.Tests.Features.RulesEngine.CalculateFinalPriceStepTests.WhenDiscount_Then_FinalPriceIsReduced" storage="c:\users\cex\repos-working\evalapp.solid.starter\tests\bin\release\net8.0\evalapp.solid.starter.tests.dll" id="7dcb9fb2-f099-1aad-bd94-1801b2ff0748">
      <Execution id="e3b4e8ce-158d-4e7b-9c8a-eddca28af346" />
      <TestMethod codeBase="C:\Users\cex\repos-working\EvalApp.Solid.Starter\Tests\bin\Release\net8.0\EvalApp.Solid.Starter.Tests.dll" adapterTypeName="executor://xunit/VsTestRunner2/netcoreapp" className="EvalApp.Solid.Starter.Tests.Features.RulesEngine.CalculateFinalPriceStepTests" name="WhenDiscount_Then_FinalPriceIsReduced" />
    </UnitTest>
    <UnitTest name="EvalApp.Solid.Starter.Tests.Features.RulesEngine.CalculateFinalPriceStepTests.WhenNoDiscount_Then_FinalPriceEqualsNetPrice" storage="c:\users\cex\repos-working\evalapp.solid.starter\tests\bin\release\net8.0\evalapp.solid.starter.tests.dll" id="cf39f18a-48b4-9d1c-538c-cb8b2a883c58">
      <Execution id="7b6b174a-cc5e-4916-b47a-8bc2dc9fde91" />
      <TestMethod codeBase="C:\Users\cex\repos-working\EvalApp.Solid.Starter\Tests\bin\Release\net8.0\EvalApp.Solid.Starter.Tests.dll" adapterTypeName="executor://xunit/VsTestRunner2/netcoreapp" className="EvalApp.Solid.Starter.Tests.Features.RulesEngine.CalculateFinalPriceStepTests" name="WhenNoDiscount_Then_FinalPriceEqualsNetPrice" />
    </UnitTest>
    <UnitTest name="EvalApp.Solid.Starter.Tests.Features.RulesEngine.RulesEnginePipelineTests.WhenVipWithClearanceAndPromo_Then_MaximumDiscount" storage="c:\users\cex\repos-working\evalapp.solid.starter\tests\bin\release\net8.0\evalapp.solid.starter.tests.dll" id="64bde8eb-283e-81c1-cfc9-5a5253ea1245">
      <Execution id="2c1d0a67-cb81-4a2e-bacd-72c1bd237df4" />
      <TestMethod codeBase="C:\Users\cex\repos-working\EvalApp.Solid.Starter\Tests\bin\Release\net8.0\EvalApp.Solid.Starter.Tests.dll" adapterTypeName="executor://xunit/VsTestRunner2/netcoreapp" className="EvalApp.Solid.Starter.Tests.Features.RulesEngine.RulesEnginePipelineTests" name="WhenVipWithClearanceAndPromo_Then_MaximumDiscount" />
    </UnitTest>
    <UnitTest name="EvalApp.Solid.Starter.Tests.Features.RulesEngine.ApplyPromotionRulesStepTests.WhenNotEligible_Then_NoDiscount" storage="c:\users\cex\repos-working\evalapp.solid.starter\tests\bin\release\net8.0\evalapp.solid.starter.tests.dll" id="ff521fea-5883-1e87-727b-3ad37abbec25">
      <Execution id="a0fa9bb2-bfd4-418f-90f8-1e3bdb0c8625" />
      <TestMethod codeBase="C:\Users\cex\repos-working\EvalApp.Solid.Starter\Tests\bin\Release\net8.0\EvalApp.Solid.Starter.Tests.dll" adapterTypeName="executor://xunit/VsTestRunner2/netcoreapp" className="EvalApp.Solid.Starter.Tests.Features.RulesEngine.ApplyPromotionRulesStepTests" name="WhenNotEligible_Then_NoDiscount" />
    </UnitTest>
    <UnitTest name="EvalApp.Solid.Starter.Tests.Features.RulesEngine.CalculateNetPriceStepTests.WhenEmptyItems_Then_NetPriceIsZero" storage="c:\users\cex\repos-working\evalapp.solid.starter\tests\bin\release\net8.0\evalapp.solid.starter.tests.dll" id="3879dd3d-9de0-0123-6ada-1c5b9b58b08c">
      <Execution id="06485372-e131-4a7f-a60d-2202e1ab078d" />
      <TestMethod codeBase="C:\Users\cex\repos-working\EvalApp.Solid.Starter\Tests\bin\Release\net8.0\EvalApp.Solid.Starter.Tests.dll" adapterTypeName="executor://xunit/VsTestRunner2/netcoreapp" className="EvalApp.Solid.Starter.Tests.Features.RulesEngine.CalculateNetPriceStepTests" name="WhenEmptyItems_Then_NetPriceIsZero" />
    </UnitTest>
    <UnitTest name="EvalApp.Solid.Starter.Tests.Features.RulesEngine.EvaluateDiscountEligibilityStepTests.WhenNewShopper_Then_NotEligibleForDiscount" storage="c:\users\cex\repos-working\evalapp.solid.starter\tests\bin\release\net8.0\evalapp.solid.starter.tests.dll" id="1c860e3a-689c-e0cb-7686-bdc4c344db38">
      <Execution id="9caf2493-8c27-4e50-8ac5-4b80bc69263a" />
      <TestMethod codeBase="C:\Users\cex\repos-working\EvalApp.Solid.Starter\Tests\bin\Release\net8.0\EvalApp.Solid.Starter.Tests.dll" adapterTypeName="executor://xunit/VsTestRunner2/netcoreapp" className="EvalApp.Solid.Starter.Tests.Features.RulesEngine.EvaluateDiscountEligibilityStepTests" name="WhenNewShopper_Then_NotEligibleForDiscount" />
    </UnitTest>
    <UnitTest name="EvalApp.Solid.Starter.Tests.Features.RulesEngine.RulesEnginePipelineTests.WhenValidOrder_Then_PipelineCalculatesFinalPrice" storage="c:\users\cex\repos-working\evalapp.solid.starter\tests\bin\release\net8.0\evalapp.solid.starter.tests.dll" id="afca98b0-c316-f802-f9f7-8c2e0f8142af">
      <Execution id="1593b7c1-bd60-4613-950b-38bb79d623e5" />
      <TestMethod codeBase="C:\Users\cex\repos-working\EvalApp.Solid.Starter\Tests\bin\Release\net8.0\EvalApp.Solid.Starter.Tests.dll" adapterTypeName="executor://xunit/VsTestRunner2/netcoreapp" className="EvalApp.Solid.Starter.Tests.Features.RulesEngine.RulesEnginePipelineTests" name="WhenValidOrder_Then_PipelineCalculatesFinalPrice" />
    </UnitTest>
    <UnitTest name="EvalApp.Solid.Starter.Tests.Features.RulesEngine.ApplyPromotionRulesStepTests.WhenSummer20Promo_Then_15PercentDiscount" storage="c:\users\cex\repos-working\evalapp.solid.starter\tests\bin\release\net8.0\evalapp.solid.starter.tests.dll" id="2996de72-49ed-1271-c171-87321e2c8252">
      <Execution id="c2257e83-e760-412d-ad04-d151ea0512c1" />
      <TestMethod codeBase="C:\Users\cex\repos-working\EvalApp.Solid.Starter\Tests\bin\Release\net8.0\EvalApp.Solid.Starter.Tests.dll" adapterTypeName="executor://xunit/VsTestRunner2/netcoreapp" className="EvalApp.Solid.Starter.Tests.Features.RulesEngine.ApplyPromotionRulesStepTests" name="WhenSummer20Promo_Then_15PercentDiscount" />
    </UnitTest>
  </TestDefinitions>
  <TestEntries>
    <TestEntry testId="64bde8eb-283e-81c1-cfc9-5a5253ea1245" executionId="2c1d0a67-cb81-4a2e-bacd-72c1bd237df4" testListId="8c84fa94-04c1-424b-9868-57a2d4851a1d" />
    <TestEntry testId="1c860e3a-689c-e0cb-7686-bdc4c344db38" executionId="9caf2493-8c27-4e50-8ac5-4b80bc69263a" testListId="8c84fa94-04c1-424b-9868-57a2d4851a1d" />
    <TestEntry testId="6dac7de1-f437-e2d8-f1a8-6ebc379374d3" executionId="5fba05e9-748d-4171-81a6-10280f2b4822" testListId="8c84fa94-04c1-424b-9868-57a2d4851a1d" />
    <TestEntry testId="05e0f630-85db-505d-982b-b6a2b98cfd03" executionId="f4afc003-0d2b-41b6-8b7f-f019b4813dae" testListId="8c84fa94-04c1-424b-9868-57a2d4851a1d" />
    <TestEntry testId="2e1e13fe-d801-cf11-6fce-3b4c3fa5cb0c" executionId="fa21c1f9-2b0d-4ca6-8ab0-f78e351ce359" testListId="8c84fa94-04c1-424b-9868-57a2d4851a1d" />
    <TestEntry testId="ff521fea-5883-1e87-727b-3ad37abbec25" executionId="a0fa9bb2-bfd4-418f-90f8-1e3bdb0c8625" testListId="8c84fa94-04c1-424b-9868-57a2d4851a1d" />
    <TestEntry testId="cf39f18a-48b4-9d1c-538c-cb8b2a883c58" executionId="7b6b174a-cc5e-4916-b47a-8bc2dc9fde91" testListId="8c84fa94-04c1-424b-9868-57a2d4851a1d" />
    <TestEntry testId="3e3448d5-c66d-7513-14b6-5bc934ebfc72" executionId="de3c09b3-c178-4b27-a765-f54a52f1ba01" testListId="8c84fa94-04c1-424b-9868-57a2d4851a1d" />
    <TestEntry testId="38957c3a-a98f-9129-5e6f-c5751fdbecd4" executionId="a7f5893b-2a2f-4bb4-a7f0-da68ccadfa17" testListId="8c84fa94-04c1-424b-9868-57a2d4851a1d" />
    <TestEntry testId="afca98b0-c316-f802-f9f7-8c2e0f8142af" executionId="1593b7c1-bd60-4613-950b-38bb79d623e5" testListId="8c84fa94-04c1-424b-9868-57a2d4851a1d" />
    <TestEntry testId="bc675da6-b489-692d-ca7c-eba48ec2a28e" executionId="9dbc35f9-e65d-4dca-bb2e-a91b1c2813b5" testListId="8c84fa94-04c1-424b-9868-57a2d4851a1d" />
    <TestEntry testId="76aa7ab7-6725-7889-402e-64cab62476e3" executionId="9241ab91-5fb2-4bab-9d1d-231ed6ff2a06" testListId="8c84fa94-04c1-424b-9868-57a2d4851a1d" />
    <TestEntry testId="7dcb9fb2-f099-1aad-bd94-1801b2ff0748" executionId="e3b4e8ce-158d-4e7b-9c8a-eddca28af346" testListId="8c84fa94-04c1-424b-9868-57a2d4851a1d" />
    <TestEntry testId="3879dd3d-9de0-0123-6ada-1c5b9b58b08c" executionId="06485372-e131-4a7f-a60d-2202e1ab078d" testListId="8c84fa94-04c1-424b-9868-57a2d4851a1d" />
    <TestEntry testId="2996de72-49ed-1271-c171-87321e2c8252" executionId="c2257e83-e760-412d-ad04-d151ea0512c1" testListId="8c84fa94-04c1-424b-9868-57a2d4851a1d" />
  </TestEntries>
  <TestLists>
    <TestList name="Results Not in a List" id="8c84fa94-04c1-424b-9868-57a2d4851a1d" />
    <TestList name="All Loaded Results" id="19431567-8539-422a-85d7-44ee4e166bda" />
  </TestLists>
  <ResultSummary outcome="Completed">
    <Counters total="15" executed="15" passed="15" failed="0" error="0" timeout="0" aborted="0" inconclusive="0" passedButRunAborted="0" notRunnable="0" notExecuted="0" disconnected="0" warning="0" completed="0" inProgress="0" pending="0" />
    <Output>
      <StdOut>[xUnit.net 00:00:00.00] xUnit.net VSTest Adapter v2.5.3.1+6b60a9e56a (64-bit .NET 8.0.27)&#xD;
[xUnit.net 00:00:00.77]   Discovering: EvalApp.Solid.Starter.Tests&#xD;
[xUnit.net 00:00:00.80]   Discovered:  EvalApp.Solid.Starter.Tests&#xD;
[xUnit.net 00:00:00.80]   Starting:    EvalApp.Solid.Starter.Tests&#xD;
[xUnit.net 00:00:02.38]   Finished:    EvalApp.Solid.Starter.Tests&#xD;
</StdOut>
    </Output>
  </ResultSummary>
</TestRun>