<?xml version="1.0" encoding="utf-8"?>
<TestRun id="583b7db5-224e-4b6f-8661-0d1e596e53a6" name="cex@LAPTOP-7HKGG9U3 2026-05-24 11:08:57" runUser="LAPTOP-7HKGG9U3\cex" xmlns="http://microsoft.com/schemas/VisualStudio/TeamTest/2010">
  <Times creation="2026-05-24T11:08:57.8654817+01:00" queuing="2026-05-24T11:08:57.8654820+01:00" start="2026-05-24T11:08:52.9459637+01:00" finish="2026-05-24T11:08:57.9167138+01:00" />
  <TestSettings name="default" id="95674e55-6bad-462b-b300-a2bc683ccc99">
    <Deployment runDeploymentRoot="cex_LAPTOP-7HKGG9U3_2026-05-24_11_08_57" />
  </TestSettings>
  <Results>
    <UnitTestResult executionId="4b5d6504-62b2-4dbc-a400-dec85d1a44fb" testId="2e1e13fe-d801-cf11-6fce-3b4c3fa5cb0c" testName="EvalApp.Solid.Starter.Tests.Features.RulesEngine.ApplyPromotionRulesStepTests.WhenVipAndClearance_Then_HighestDiscount" computerName="LAPTOP-7HKGG9U3" duration="00:00:00.0012385" startTime="2026-05-24T11:08:57.8476748+01:00" endTime="2026-05-24T11:08:57.8476749+01:00" testType="13cdc9d9-ddb5-4fa4-a97d-d965ccfc6d4b" outcome="Failed" testListId="8c84fa94-04c1-424b-9868-57a2d4851a1d" relativeResultsDirectory="4b5d6504-62b2-4dbc-a400-dec85d1a44fb">
      <Output>
        <ErrorInfo>
          <Message>System.IO.FileNotFoundException : Could not load file or assembly 'EvalApp.Consumer.Core, Version=1.0.4.0, Culture=neutral, PublicKeyToken=null'. The system cannot find the file specified.</Message>
          <StackTrace>   at EvalApp.Solid.Starter.Tests.Features.RulesEngine.ApplyPromotionRulesStepTests.WhenVipAndClearance_Then_HighestDiscount()&#xD;
   at System.RuntimeMethodHandle.InvokeMethod(Object target, Void** arguments, Signature sig, Boolean isConstructor)&#xD;
   at System.Reflection.MethodBaseInvoker.InvokeWithNoArgs(Object obj, BindingFlags invokeAttr)</StackTrace>
        </ErrorInfo>
      </Output>
    </UnitTestResult>
    <UnitTestResult executionId="42151997-4c3c-45e3-849e-383701cc8863" testId="7dcb9fb2-f099-1aad-bd94-1801b2ff0748" testName="EvalApp.Solid.Starter.Tests.Features.RulesEngine.CalculateFinalPriceStepTests.WhenDiscount_Then_FinalPriceIsReduced" computerName="LAPTOP-7HKGG9U3" duration="00:00:00.0002681" startTime="2026-05-24T11:08:57.8463402+01:00" endTime="2026-05-24T11:08:57.8463405+01:00" testType="13cdc9d9-ddb5-4fa4-a97d-d965ccfc6d4b" outcome="Failed" testListId="8c84fa94-04c1-424b-9868-57a2d4851a1d" relativeResultsDirectory="42151997-4c3c-45e3-849e-383701cc8863">
      <Output>
        <ErrorInfo>
          <Message>System.IO.FileNotFoundException : Could not load file or assembly 'EvalApp.Consumer.Core, Version=1.0.4.0, Culture=neutral, PublicKeyToken=null'. The system cannot find the file specified.</Message>
          <StackTrace>   at EvalApp.Solid.Starter.Tests.Features.RulesEngine.CalculateFinalPriceStepTests.WhenDiscount_Then_FinalPriceIsReduced()&#xD;
   at System.RuntimeMethodHandle.InvokeMethod(Object target, Void** arguments, Signature sig, Boolean isConstructor)&#xD;
   at System.Reflection.MethodBaseInvoker.InvokeWithNoArgs(Object obj, BindingFlags invokeAttr)</StackTrace>
        </ErrorInfo>
      </Output>
    </UnitTestResult>
    <UnitTestResult executionId="44096212-b802-4b53-b182-edcdde0d7407" testId="38957c3a-a98f-9129-5e6f-c5751fdbecd4" testName="EvalApp.Solid.Starter.Tests.Features.RulesEngine.CalculateNetPriceStepTests.WhenMultipleItems_Then_SumsAllPrices" computerName="LAPTOP-7HKGG9U3" duration="00:00:00.0021731" startTime="2026-05-24T11:08:57.8480072+01:00" endTime="2026-05-24T11:08:57.8480073+01:00" testType="13cdc9d9-ddb5-4fa4-a97d-d965ccfc6d4b" outcome="Failed" testListId="8c84fa94-04c1-424b-9868-57a2d4851a1d" relativeResultsDirectory="44096212-b802-4b53-b182-edcdde0d7407">
      <Output>
        <ErrorInfo>
          <Message>System.IO.FileNotFoundException : Could not load file or assembly 'EvalApp.Consumer.Core, Version=1.0.4.0, Culture=neutral, PublicKeyToken=null'. The system cannot find the file specified.</Message>
          <StackTrace>   at EvalApp.Solid.Starter.Tests.Features.RulesEngine.CalculateNetPriceStepTests.WhenMultipleItems_Then_SumsAllPrices()&#xD;
   at System.RuntimeMethodHandle.InvokeMethod(Object target, Void** arguments, Signature sig, Boolean isConstructor)&#xD;
   at System.Reflection.MethodBaseInvoker.InvokeWithNoArgs(Object obj, BindingFlags invokeAttr)</StackTrace>
        </ErrorInfo>
      </Output>
    </UnitTestResult>
    <UnitTestResult executionId="ac5c09bf-e1c8-4f42-95aa-dc4bd61cdc8e" testId="76aa7ab7-6725-7889-402e-64cab62476e3" testName="EvalApp.Solid.Starter.Tests.Features.RulesEngine.EvaluateDiscountEligibilityStepTests.WhenVipShopper_Then_EligibleForDiscount" computerName="LAPTOP-7HKGG9U3" duration="00:00:00.9552660" startTime="2026-05-24T11:08:57.8325001+01:00" endTime="2026-05-24T11:08:57.8325003+01:00" testType="13cdc9d9-ddb5-4fa4-a97d-d965ccfc6d4b" outcome="Failed" testListId="8c84fa94-04c1-424b-9868-57a2d4851a1d" relativeResultsDirectory="ac5c09bf-e1c8-4f42-95aa-dc4bd61cdc8e">
      <Output>
        <ErrorInfo>
          <Message>System.IO.FileNotFoundException : Could not load file or assembly 'EvalApp.Consumer.Core, Version=1.0.4.0, Culture=neutral, PublicKeyToken=null'. The system cannot find the file specified.</Message>
          <StackTrace>   at EvalApp.Solid.Starter.Tests.Features.RulesEngine.EvaluateDiscountEligibilityStepTests.WhenVipShopper_Then_EligibleForDiscount()&#xD;
   at System.RuntimeMethodHandle.InvokeMethod(Object target, Void** arguments, Signature sig, Boolean isConstructor)&#xD;
   at System.Reflection.MethodBaseInvoker.InvokeWithNoArgs(Object obj, BindingFlags invokeAttr)</StackTrace>
        </ErrorInfo>
      </Output>
    </UnitTestResult>
    <UnitTestResult executionId="22520989-d752-4b31-9326-cb3dd7313f52" testId="05e0f630-85db-505d-982b-b6a2b98cfd03" testName="EvalApp.Solid.Starter.Tests.UnitTest1.Test1" computerName="LAPTOP-7HKGG9U3" duration="00:00:00.0025331" startTime="2026-05-24T11:08:56.8899523+01:00" endTime="2026-05-24T11:08:56.8900230+01:00" testType="13cdc9d9-ddb5-4fa4-a97d-d965ccfc6d4b" outcome="Passed" testListId="8c84fa94-04c1-424b-9868-57a2d4851a1d" relativeResultsDirectory="22520989-d752-4b31-9326-cb3dd7313f52" />
    <UnitTestResult executionId="51cee890-1ca1-4854-80dc-1b1ee4166ac3" testId="3e3448d5-c66d-7513-14b6-5bc934ebfc72" testName="EvalApp.Solid.Starter.Tests.Features.RulesEngine.ApplyPromotionRulesStepTests.WhenClearanceItems_Then_20PercentDiscount" computerName="LAPTOP-7HKGG9U3" duration="00:00:00.0003285" startTime="2026-05-24T11:08:57.8482543+01:00" endTime="2026-05-24T11:08:57.8482544+01:00" testType="13cdc9d9-ddb5-4fa4-a97d-d965ccfc6d4b" outcome="Failed" testListId="8c84fa94-04c1-424b-9868-57a2d4851a1d" relativeResultsDirectory="51cee890-1ca1-4854-80dc-1b1ee4166ac3">
      <Output>
        <ErrorInfo>
          <Message>System.IO.FileNotFoundException : Could not load file or assembly 'EvalApp.Consumer.Core, Version=1.0.4.0, Culture=neutral, PublicKeyToken=null'. The system cannot find the file specified.</Message>
          <StackTrace>   at EvalApp.Solid.Starter.Tests.Features.RulesEngine.ApplyPromotionRulesStepTests.WhenClearanceItems_Then_20PercentDiscount()&#xD;
   at System.RuntimeMethodHandle.InvokeMethod(Object target, Void** arguments, Signature sig, Boolean isConstructor)&#xD;
   at System.Reflection.MethodBaseInvoker.InvokeWithNoArgs(Object obj, BindingFlags invokeAttr)</StackTrace>
        </ErrorInfo>
      </Output>
    </UnitTestResult>
    <UnitTestResult executionId="8e5f0e11-c142-4f39-9c9a-f8e6b672b753" testId="1c860e3a-689c-e0cb-7686-bdc4c344db38" testName="EvalApp.Solid.Starter.Tests.Features.RulesEngine.EvaluateDiscountEligibilityStepTests.WhenNewShopper_Then_NotEligibleForDiscount" computerName="LAPTOP-7HKGG9U3" duration="00:00:00.0001689" startTime="2026-05-24T11:08:57.8474152+01:00" endTime="2026-05-24T11:08:57.8474152+01:00" testType="13cdc9d9-ddb5-4fa4-a97d-d965ccfc6d4b" outcome="Failed" testListId="8c84fa94-04c1-424b-9868-57a2d4851a1d" relativeResultsDirectory="8e5f0e11-c142-4f39-9c9a-f8e6b672b753">
      <Output>
        <ErrorInfo>
          <Message>System.IO.FileNotFoundException : Could not load file or assembly 'EvalApp.Consumer.Core, Version=1.0.4.0, Culture=neutral, PublicKeyToken=null'. The system cannot find the file specified.</Message>
          <StackTrace>   at EvalApp.Solid.Starter.Tests.Features.RulesEngine.EvaluateDiscountEligibilityStepTests.WhenNewShopper_Then_NotEligibleForDiscount()&#xD;
   at System.RuntimeMethodHandle.InvokeMethod(Object target, Void** arguments, Signature sig, Boolean isConstructor)&#xD;
   at System.Reflection.MethodBaseInvoker.InvokeWithNoArgs(Object obj, BindingFlags invokeAttr)</StackTrace>
        </ErrorInfo>
      </Output>
    </UnitTestResult>
    <UnitTestResult executionId="3c917b17-2106-470b-941c-7a49e68be278" testId="2996de72-49ed-1271-c171-87321e2c8252" testName="EvalApp.Solid.Starter.Tests.Features.RulesEngine.ApplyPromotionRulesStepTests.WhenSummer20Promo_Then_15PercentDiscount" computerName="LAPTOP-7HKGG9U3" duration="00:00:00.9552291" startTime="2026-05-24T11:08:57.8311787+01:00" endTime="2026-05-24T11:08:57.8311790+01:00" testType="13cdc9d9-ddb5-4fa4-a97d-d965ccfc6d4b" outcome="Failed" testListId="8c84fa94-04c1-424b-9868-57a2d4851a1d" relativeResultsDirectory="3c917b17-2106-470b-941c-7a49e68be278">
      <Output>
        <ErrorInfo>
          <Message>System.IO.FileNotFoundException : Could not load file or assembly 'EvalApp.Consumer.Core, Version=1.0.4.0, Culture=neutral, PublicKeyToken=null'. The system cannot find the file specified.</Message>
          <StackTrace>   at EvalApp.Solid.Starter.Tests.Features.RulesEngine.ApplyPromotionRulesStepTests.WhenSummer20Promo_Then_15PercentDiscount()&#xD;
   at System.RuntimeMethodHandle.InvokeMethod(Object target, Void** arguments, Signature sig, Boolean isConstructor)&#xD;
   at System.Reflection.MethodBaseInvoker.InvokeWithNoArgs(Object obj, BindingFlags invokeAttr)</StackTrace>
        </ErrorInfo>
      </Output>
    </UnitTestResult>
    <UnitTestResult executionId="b782a7e9-74cd-44c6-9ef0-8b77bd7197ab" testId="afca98b0-c316-f802-f9f7-8c2e0f8142af" testName="EvalApp.Solid.Starter.Tests.Features.RulesEngine.RulesEnginePipelineTests.WhenValidOrder_Then_PipelineCalculatesFinalPrice" computerName="LAPTOP-7HKGG9U3" duration="00:00:00.0068142" startTime="2026-05-24T11:08:56.8981507+01:00" endTime="2026-05-24T11:08:56.8981513+01:00" testType="13cdc9d9-ddb5-4fa4-a97d-d965ccfc6d4b" outcome="Failed" testListId="8c84fa94-04c1-424b-9868-57a2d4851a1d" relativeResultsDirectory="b782a7e9-74cd-44c6-9ef0-8b77bd7197ab">
      <Output>
        <ErrorInfo>
          <Message>System.IO.FileNotFoundException : Could not load file or assembly 'EvalApp.Consumer.Core, Version=1.0.4.0, Culture=neutral, PublicKeyToken=null'. The system cannot find the file specified.</Message>
          <StackTrace>   at EvalApp.Solid.Starter.Tests.Features.RulesEngine.RulesEnginePipelineTests.WhenValidOrder_Then_PipelineCalculatesFinalPrice()&#xD;
   at System.RuntimeMethodHandle.InvokeMethod(Object target, Void** arguments, Signature sig, Boolean isConstructor)&#xD;
   at System.Reflection.MethodBaseInvoker.InvokeWithNoArgs(Object obj, BindingFlags invokeAttr)</StackTrace>
        </ErrorInfo>
      </Output>
    </UnitTestResult>
    <UnitTestResult executionId="1c81ce4e-14e8-40ba-a1c0-a328c7d2d5a7" testId="6dac7de1-f437-e2d8-f1a8-6ebc379374d3" testName="EvalApp.Solid.Starter.Tests.Features.RulesEngine.EvaluateDiscountEligibilityStepTests.WhenHighPurchaseHistory_Then_EligibleForDiscount" computerName="LAPTOP-7HKGG9U3" duration="00:00:00.0006568" startTime="2026-05-24T11:08:57.8471557+01:00" endTime="2026-05-24T11:08:57.8471557+01:00" testType="13cdc9d9-ddb5-4fa4-a97d-d965ccfc6d4b" outcome="Failed" testListId="8c84fa94-04c1-424b-9868-57a2d4851a1d" relativeResultsDirectory="1c81ce4e-14e8-40ba-a1c0-a328c7d2d5a7">
      <Output>
        <ErrorInfo>
          <Message>System.IO.FileNotFoundException : Could not load file or assembly 'EvalApp.Consumer.Core, Version=1.0.4.0, Culture=neutral, PublicKeyToken=null'. The system cannot find the file specified.</Message>
          <StackTrace>   at EvalApp.Solid.Starter.Tests.Features.RulesEngine.EvaluateDiscountEligibilityStepTests.WhenHighPurchaseHistory_Then_EligibleForDiscount()&#xD;
   at System.RuntimeMethodHandle.InvokeMethod(Object target, Void** arguments, Signature sig, Boolean isConstructor)&#xD;
   at System.Reflection.MethodBaseInvoker.InvokeWithNoArgs(Object obj, BindingFlags invokeAttr)</StackTrace>
        </ErrorInfo>
      </Output>
    </UnitTestResult>
    <UnitTestResult executionId="fe2b3660-1cc4-4e5b-8ee2-533fc4acec73" testId="bc675da6-b489-692d-ca7c-eba48ec2a28e" testName="EvalApp.Solid.Starter.Tests.Features.RulesEngine.EvaluateDiscountEligibilityStepTests.WhenHighTotalSpend_Then_EligibleForDiscount" computerName="LAPTOP-7HKGG9U3" duration="00:00:00.0003062" startTime="2026-05-24T11:08:57.8466076+01:00" endTime="2026-05-24T11:08:57.8466077+01:00" testType="13cdc9d9-ddb5-4fa4-a97d-d965ccfc6d4b" outcome="Failed" testListId="8c84fa94-04c1-424b-9868-57a2d4851a1d" relativeResultsDirectory="fe2b3660-1cc4-4e5b-8ee2-533fc4acec73">
      <Output>
        <ErrorInfo>
          <Message>System.IO.FileNotFoundException : Could not load file or assembly 'EvalApp.Consumer.Core, Version=1.0.4.0, Culture=neutral, PublicKeyToken=null'. The system cannot find the file specified.</Message>
          <StackTrace>   at EvalApp.Solid.Starter.Tests.Features.RulesEngine.EvaluateDiscountEligibilityStepTests.WhenHighTotalSpend_Then_EligibleForDiscount()&#xD;
   at System.RuntimeMethodHandle.InvokeMethod(Object target, Void** arguments, Signature sig, Boolean isConstructor)&#xD;
   at System.Reflection.MethodBaseInvoker.InvokeWithNoArgs(Object obj, BindingFlags invokeAttr)</StackTrace>
        </ErrorInfo>
      </Output>
    </UnitTestResult>
    <UnitTestResult executionId="08786684-91e2-4b79-978d-f5945a71583d" testId="cf39f18a-48b4-9d1c-538c-cb8b2a883c58" testName="EvalApp.Solid.Starter.Tests.Features.RulesEngine.CalculateFinalPriceStepTests.WhenNoDiscount_Then_FinalPriceEqualsNetPrice" computerName="LAPTOP-7HKGG9U3" duration="00:00:00.9552668" startTime="2026-05-24T11:08:57.8330562+01:00" endTime="2026-05-24T11:08:57.8330565+01:00" testType="13cdc9d9-ddb5-4fa4-a97d-d965ccfc6d4b" outcome="Failed" testListId="8c84fa94-04c1-424b-9868-57a2d4851a1d" relativeResultsDirectory="08786684-91e2-4b79-978d-f5945a71583d">
      <Output>
        <ErrorInfo>
          <Message>System.IO.FileNotFoundException : Could not load file or assembly 'EvalApp.Consumer.Core, Version=1.0.4.0, Culture=neutral, PublicKeyToken=null'. The system cannot find the file specified.</Message>
          <StackTrace>   at EvalApp.Solid.Starter.Tests.Features.RulesEngine.CalculateFinalPriceStepTests.WhenNoDiscount_Then_FinalPriceEqualsNetPrice()&#xD;
   at System.RuntimeMethodHandle.InvokeMethod(Object target, Void** arguments, Signature sig, Boolean isConstructor)&#xD;
   at System.Reflection.MethodBaseInvoker.InvokeWithNoArgs(Object obj, BindingFlags invokeAttr)</StackTrace>
        </ErrorInfo>
      </Output>
    </UnitTestResult>
    <UnitTestResult executionId="5a48ca4a-89b4-462d-9fa1-ae53881fff50" testId="3879dd3d-9de0-0123-6ada-1c5b9b58b08c" testName="EvalApp.Solid.Starter.Tests.Features.RulesEngine.CalculateNetPriceStepTests.WhenEmptyItems_Then_NetPriceIsZero" computerName="LAPTOP-7HKGG9U3" duration="00:00:00.9552432" startTime="2026-05-24T11:08:57.8320873+01:00" endTime="2026-05-24T11:08:57.8320876+01:00" testType="13cdc9d9-ddb5-4fa4-a97d-d965ccfc6d4b" outcome="Failed" testListId="8c84fa94-04c1-424b-9868-57a2d4851a1d" relativeResultsDirectory="5a48ca4a-89b4-462d-9fa1-ae53881fff50">
      <Output>
        <ErrorInfo>
          <Message>System.IO.FileNotFoundException : Could not load file or assembly 'EvalApp.Consumer.Core, Version=1.0.4.0, Culture=neutral, PublicKeyToken=null'. The system cannot find the file specified.</Message>
          <StackTrace>   at EvalApp.Solid.Starter.Tests.Features.RulesEngine.CalculateNetPriceStepTests.WhenEmptyItems_Then_NetPriceIsZero()&#xD;
   at System.RuntimeMethodHandle.InvokeMethod(Object target, Void** arguments, Signature sig, Boolean isConstructor)&#xD;
   at System.Reflection.MethodBaseInvoker.InvokeWithNoArgs(Object obj, BindingFlags invokeAttr)</StackTrace>
        </ErrorInfo>
      </Output>
    </UnitTestResult>
    <UnitTestResult executionId="2d132080-0b9e-4adc-b75a-d31e9dcdd1be" testId="64bde8eb-283e-81c1-cfc9-5a5253ea1245" testName="EvalApp.Solid.Starter.Tests.Features.RulesEngine.RulesEnginePipelineTests.WhenVipWithClearanceAndPromo_Then_MaximumDiscount" computerName="LAPTOP-7HKGG9U3" duration="00:00:00.9414619" startTime="2026-05-24T11:08:57.8294632+01:00" endTime="2026-05-24T11:08:57.8294634+01:00" testType="13cdc9d9-ddb5-4fa4-a97d-d965ccfc6d4b" outcome="Failed" testListId="8c84fa94-04c1-424b-9868-57a2d4851a1d" relativeResultsDirectory="2d132080-0b9e-4adc-b75a-d31e9dcdd1be">
      <Output>
        <ErrorInfo>
          <Message>System.IO.FileNotFoundException : Could not load file or assembly 'EvalApp.Consumer.Core, Version=1.0.4.0, Culture=neutral, PublicKeyToken=null'. The system cannot find the file specified.</Message>
          <StackTrace>   at EvalApp.Solid.Starter.Tests.Features.RulesEngine.RulesEnginePipelineTests.WhenVipWithClearanceAndPromo_Then_MaximumDiscount()&#xD;
   at System.RuntimeMethodHandle.InvokeMethod(Object target, Void** arguments, Signature sig, Boolean isConstructor)&#xD;
   at System.Reflection.MethodBaseInvoker.InvokeWithNoArgs(Object obj, BindingFlags invokeAttr)</StackTrace>
        </ErrorInfo>
      </Output>
    </UnitTestResult>
    <UnitTestResult executionId="bdacffe6-7123-4657-943e-886288a1f19a" testId="ff521fea-5883-1e87-727b-3ad37abbec25" testName="EvalApp.Solid.Starter.Tests.Features.RulesEngine.ApplyPromotionRulesStepTests.WhenNotEligible_Then_NoDiscount" computerName="LAPTOP-7HKGG9U3" duration="00:00:00.0003187" startTime="2026-05-24T11:08:57.8468696+01:00" endTime="2026-05-24T11:08:57.8468697+01:00" testType="13cdc9d9-ddb5-4fa4-a97d-d965ccfc6d4b" outcome="Failed" testListId="8c84fa94-04c1-424b-9868-57a2d4851a1d" relativeResultsDirectory="bdacffe6-7123-4657-943e-886288a1f19a">
      <Output>
        <ErrorInfo>
          <Message>System.IO.FileNotFoundException : Could not load file or assembly 'EvalApp.Consumer.Core, Version=1.0.4.0, Culture=neutral, PublicKeyToken=null'. The system cannot find the file specified.</Message>
          <StackTrace>   at EvalApp.Solid.Starter.Tests.Features.RulesEngine.ApplyPromotionRulesStepTests.WhenNotEligible_Then_NoDiscount()&#xD;
   at System.RuntimeMethodHandle.InvokeMethod(Object target, Void** arguments, Signature sig, Boolean isConstructor)&#xD;
   at System.Reflection.MethodBaseInvoker.InvokeWithNoArgs(Object obj, BindingFlags invokeAttr)</StackTrace>
        </ErrorInfo>
      </Output>
    </UnitTestResult>
  </Results>
  <TestDefinitions>
    <UnitTest name="EvalApp.Solid.Starter.Tests.Features.RulesEngine.ApplyPromotionRulesStepTests.WhenSummer20Promo_Then_15PercentDiscount" storage="c:\users\cex\repos-working\evalapp.solid.starter\tests\bin\release\net8.0\evalapp.solid.starter.tests.dll" id="2996de72-49ed-1271-c171-87321e2c8252">
      <Execution id="3c917b17-2106-470b-941c-7a49e68be278" />
      <TestMethod codeBase="C:\Users\cex\repos-working\EvalApp.Solid.Starter\Tests\bin\Release\net8.0\EvalApp.Solid.Starter.Tests.dll" adapterTypeName="executor://xunit/VsTestRunner2/netcoreapp" className="EvalApp.Solid.Starter.Tests.Features.RulesEngine.ApplyPromotionRulesStepTests" name="WhenSummer20Promo_Then_15PercentDiscount" />
    </UnitTest>
    <UnitTest name="EvalApp.Solid.Starter.Tests.Features.RulesEngine.ApplyPromotionRulesStepTests.WhenVipAndClearance_Then_HighestDiscount" storage="c:\users\cex\repos-working\evalapp.solid.starter\tests\bin\release\net8.0\evalapp.solid.starter.tests.dll" id="2e1e13fe-d801-cf11-6fce-3b4c3fa5cb0c">
      <Execution id="4b5d6504-62b2-4dbc-a400-dec85d1a44fb" />
      <TestMethod codeBase="C:\Users\cex\repos-working\EvalApp.Solid.Starter\Tests\bin\Release\net8.0\EvalApp.Solid.Starter.Tests.dll" adapterTypeName="executor://xunit/VsTestRunner2/netcoreapp" className="EvalApp.Solid.Starter.Tests.Features.RulesEngine.ApplyPromotionRulesStepTests" name="WhenVipAndClearance_Then_HighestDiscount" />
    </UnitTest>
    <UnitTest name="EvalApp.Solid.Starter.Tests.Features.RulesEngine.RulesEnginePipelineTests.WhenValidOrder_Then_PipelineCalculatesFinalPrice" storage="c:\users\cex\repos-working\evalapp.solid.starter\tests\bin\release\net8.0\evalapp.solid.starter.tests.dll" id="afca98b0-c316-f802-f9f7-8c2e0f8142af">
      <Execution id="b782a7e9-74cd-44c6-9ef0-8b77bd7197ab" />
      <TestMethod codeBase="C:\Users\cex\repos-working\EvalApp.Solid.Starter\Tests\bin\Release\net8.0\EvalApp.Solid.Starter.Tests.dll" adapterTypeName="executor://xunit/VsTestRunner2/netcoreapp" className="EvalApp.Solid.Starter.Tests.Features.RulesEngine.RulesEnginePipelineTests" name="WhenValidOrder_Then_PipelineCalculatesFinalPrice" />
    </UnitTest>
    <UnitTest name="EvalApp.Solid.Starter.Tests.Features.RulesEngine.RulesEnginePipelineTests.WhenVipWithClearanceAndPromo_Then_MaximumDiscount" storage="c:\users\cex\repos-working\evalapp.solid.starter\tests\bin\release\net8.0\evalapp.solid.starter.tests.dll" id="64bde8eb-283e-81c1-cfc9-5a5253ea1245">
      <Execution id="2d132080-0b9e-4adc-b75a-d31e9dcdd1be" />
      <TestMethod codeBase="C:\Users\cex\repos-working\EvalApp.Solid.Starter\Tests\bin\Release\net8.0\EvalApp.Solid.Starter.Tests.dll" adapterTypeName="executor://xunit/VsTestRunner2/netcoreapp" className="EvalApp.Solid.Starter.Tests.Features.RulesEngine.RulesEnginePipelineTests" name="WhenVipWithClearanceAndPromo_Then_MaximumDiscount" />
    </UnitTest>
    <UnitTest name="EvalApp.Solid.Starter.Tests.Features.RulesEngine.EvaluateDiscountEligibilityStepTests.WhenNewShopper_Then_NotEligibleForDiscount" storage="c:\users\cex\repos-working\evalapp.solid.starter\tests\bin\release\net8.0\evalapp.solid.starter.tests.dll" id="1c860e3a-689c-e0cb-7686-bdc4c344db38">
      <Execution id="8e5f0e11-c142-4f39-9c9a-f8e6b672b753" />
      <TestMethod codeBase="C:\Users\cex\repos-working\EvalApp.Solid.Starter\Tests\bin\Release\net8.0\EvalApp.Solid.Starter.Tests.dll" adapterTypeName="executor://xunit/VsTestRunner2/netcoreapp" className="EvalApp.Solid.Starter.Tests.Features.RulesEngine.EvaluateDiscountEligibilityStepTests" name="WhenNewShopper_Then_NotEligibleForDiscount" />
    </UnitTest>
    <UnitTest name="EvalApp.Solid.Starter.Tests.Features.RulesEngine.ApplyPromotionRulesStepTests.WhenClearanceItems_Then_20PercentDiscount" storage="c:\users\cex\repos-working\evalapp.solid.starter\tests\bin\release\net8.0\evalapp.solid.starter.tests.dll" id="3e3448d5-c66d-7513-14b6-5bc934ebfc72">
      <Execution id="51cee890-1ca1-4854-80dc-1b1ee4166ac3" />
      <TestMethod codeBase="C:\Users\cex\repos-working\EvalApp.Solid.Starter\Tests\bin\Release\net8.0\EvalApp.Solid.Starter.Tests.dll" adapterTypeName="executor://xunit/VsTestRunner2/netcoreapp" className="EvalApp.Solid.Starter.Tests.Features.RulesEngine.ApplyPromotionRulesStepTests" name="WhenClearanceItems_Then_20PercentDiscount" />
    </UnitTest>
    <UnitTest name="EvalApp.Solid.Starter.Tests.Features.RulesEngine.CalculateFinalPriceStepTests.WhenDiscount_Then_FinalPriceIsReduced" storage="c:\users\cex\repos-working\evalapp.solid.starter\tests\bin\release\net8.0\evalapp.solid.starter.tests.dll" id="7dcb9fb2-f099-1aad-bd94-1801b2ff0748">
      <Execution id="42151997-4c3c-45e3-849e-383701cc8863" />
      <TestMethod codeBase="C:\Users\cex\repos-working\EvalApp.Solid.Starter\Tests\bin\Release\net8.0\EvalApp.Solid.Starter.Tests.dll" adapterTypeName="executor://xunit/VsTestRunner2/netcoreapp" className="EvalApp.Solid.Starter.Tests.Features.RulesEngine.CalculateFinalPriceStepTests" name="WhenDiscount_Then_FinalPriceIsReduced" />
    </UnitTest>
    <UnitTest name="EvalApp.Solid.Starter.Tests.UnitTest1.Test1" storage="c:\users\cex\repos-working\evalapp.solid.starter\tests\bin\release\net8.0\evalapp.solid.starter.tests.dll" id="05e0f630-85db-505d-982b-b6a2b98cfd03">
      <Execution id="22520989-d752-4b31-9326-cb3dd7313f52" />
      <TestMethod codeBase="C:\Users\cex\repos-working\EvalApp.Solid.Starter\Tests\bin\Release\net8.0\EvalApp.Solid.Starter.Tests.dll" adapterTypeName="executor://xunit/VsTestRunner2/netcoreapp" className="EvalApp.Solid.Starter.Tests.UnitTest1" name="Test1" />
    </UnitTest>
    <UnitTest name="EvalApp.Solid.Starter.Tests.Features.RulesEngine.ApplyPromotionRulesStepTests.WhenNotEligible_Then_NoDiscount" storage="c:\users\cex\repos-working\evalapp.solid.starter\tests\bin\release\net8.0\evalapp.solid.starter.tests.dll" id="ff521fea-5883-1e87-727b-3ad37abbec25">
      <Execution id="bdacffe6-7123-4657-943e-886288a1f19a" />
      <TestMethod codeBase="C:\Users\cex\repos-working\EvalApp.Solid.Starter\Tests\bin\Release\net8.0\EvalApp.Solid.Starter.Tests.dll" adapterTypeName="executor://xunit/VsTestRunner2/netcoreapp" className="EvalApp.Solid.Starter.Tests.Features.RulesEngine.ApplyPromotionRulesStepTests" name="WhenNotEligible_Then_NoDiscount" />
    </UnitTest>
    <UnitTest name="EvalApp.Solid.Starter.Tests.Features.RulesEngine.EvaluateDiscountEligibilityStepTests.WhenVipShopper_Then_EligibleForDiscount" storage="c:\users\cex\repos-working\evalapp.solid.starter\tests\bin\release\net8.0\evalapp.solid.starter.tests.dll" id="76aa7ab7-6725-7889-402e-64cab62476e3">
      <Execution id="ac5c09bf-e1c8-4f42-95aa-dc4bd61cdc8e" />
      <TestMethod codeBase="C:\Users\cex\repos-working\EvalApp.Solid.Starter\Tests\bin\Release\net8.0\EvalApp.Solid.Starter.Tests.dll" adapterTypeName="executor://xunit/VsTestRunner2/netcoreapp" className="EvalApp.Solid.Starter.Tests.Features.RulesEngine.EvaluateDiscountEligibilityStepTests" name="WhenVipShopper_Then_EligibleForDiscount" />
    </UnitTest>
    <UnitTest name="EvalApp.Solid.Starter.Tests.Features.RulesEngine.CalculateNetPriceStepTests.WhenEmptyItems_Then_NetPriceIsZero" storage="c:\users\cex\repos-working\evalapp.solid.starter\tests\bin\release\net8.0\evalapp.solid.starter.tests.dll" id="3879dd3d-9de0-0123-6ada-1c5b9b58b08c">
      <Execution id="5a48ca4a-89b4-462d-9fa1-ae53881fff50" />
      <TestMethod codeBase="C:\Users\cex\repos-working\EvalApp.Solid.Starter\Tests\bin\Release\net8.0\EvalApp.Solid.Starter.Tests.dll" adapterTypeName="executor://xunit/VsTestRunner2/netcoreapp" className="EvalApp.Solid.Starter.Tests.Features.RulesEngine.CalculateNetPriceStepTests" name="WhenEmptyItems_Then_NetPriceIsZero" />
    </UnitTest>
    <UnitTest name="EvalApp.Solid.Starter.Tests.Features.RulesEngine.CalculateNetPriceStepTests.WhenMultipleItems_Then_SumsAllPrices" storage="c:\users\cex\repos-working\evalapp.solid.starter\tests\bin\release\net8.0\evalapp.solid.starter.tests.dll" id="38957c3a-a98f-9129-5e6f-c5751fdbecd4">
      <Execution id="44096212-b802-4b53-b182-edcdde0d7407" />
      <TestMethod codeBase="C:\Users\cex\repos-working\EvalApp.Solid.Starter\Tests\bin\Release\net8.0\EvalApp.Solid.Starter.Tests.dll" adapterTypeName="executor://xunit/VsTestRunner2/netcoreapp" className="EvalApp.Solid.Starter.Tests.Features.RulesEngine.CalculateNetPriceStepTests" name="WhenMultipleItems_Then_SumsAllPrices" />
    </UnitTest>
    <UnitTest name="EvalApp.Solid.Starter.Tests.Features.RulesEngine.CalculateFinalPriceStepTests.WhenNoDiscount_Then_FinalPriceEqualsNetPrice" storage="c:\users\cex\repos-working\evalapp.solid.starter\tests\bin\release\net8.0\evalapp.solid.starter.tests.dll" id="cf39f18a-48b4-9d1c-538c-cb8b2a883c58">
      <Execution id="08786684-91e2-4b79-978d-f5945a71583d" />
      <TestMethod codeBase="C:\Users\cex\repos-working\EvalApp.Solid.Starter\Tests\bin\Release\net8.0\EvalApp.Solid.Starter.Tests.dll" adapterTypeName="executor://xunit/VsTestRunner2/netcoreapp" className="EvalApp.Solid.Starter.Tests.Features.RulesEngine.CalculateFinalPriceStepTests" name="WhenNoDiscount_Then_FinalPriceEqualsNetPrice" />
    </UnitTest>
    <UnitTest name="EvalApp.Solid.Starter.Tests.Features.RulesEngine.EvaluateDiscountEligibilityStepTests.WhenHighPurchaseHistory_Then_EligibleForDiscount" storage="c:\users\cex\repos-working\evalapp.solid.starter\tests\bin\release\net8.0\evalapp.solid.starter.tests.dll" id="6dac7de1-f437-e2d8-f1a8-6ebc379374d3">
      <Execution id="1c81ce4e-14e8-40ba-a1c0-a328c7d2d5a7" />
      <TestMethod codeBase="C:\Users\cex\repos-working\EvalApp.Solid.Starter\Tests\bin\Release\net8.0\EvalApp.Solid.Starter.Tests.dll" adapterTypeName="executor://xunit/VsTestRunner2/netcoreapp" className="EvalApp.Solid.Starter.Tests.Features.RulesEngine.EvaluateDiscountEligibilityStepTests" name="WhenHighPurchaseHistory_Then_EligibleForDiscount" />
    </UnitTest>
    <UnitTest name="EvalApp.Solid.Starter.Tests.Features.RulesEngine.EvaluateDiscountEligibilityStepTests.WhenHighTotalSpend_Then_EligibleForDiscount" storage="c:\users\cex\repos-working\evalapp.solid.starter\tests\bin\release\net8.0\evalapp.solid.starter.tests.dll" id="bc675da6-b489-692d-ca7c-eba48ec2a28e">
      <Execution id="fe2b3660-1cc4-4e5b-8ee2-533fc4acec73" />
      <TestMethod codeBase="C:\Users\cex\repos-working\EvalApp.Solid.Starter\Tests\bin\Release\net8.0\EvalApp.Solid.Starter.Tests.dll" adapterTypeName="executor://xunit/VsTestRunner2/netcoreapp" className="EvalApp.Solid.Starter.Tests.Features.RulesEngine.EvaluateDiscountEligibilityStepTests" name="WhenHighTotalSpend_Then_EligibleForDiscount" />
    </UnitTest>
  </TestDefinitions>
  <TestEntries>
    <TestEntry testId="2e1e13fe-d801-cf11-6fce-3b4c3fa5cb0c" executionId="4b5d6504-62b2-4dbc-a400-dec85d1a44fb" testListId="8c84fa94-04c1-424b-9868-57a2d4851a1d" />
    <TestEntry testId="7dcb9fb2-f099-1aad-bd94-1801b2ff0748" executionId="42151997-4c3c-45e3-849e-383701cc8863" testListId="8c84fa94-04c1-424b-9868-57a2d4851a1d" />
    <TestEntry testId="38957c3a-a98f-9129-5e6f-c5751fdbecd4" executionId="44096212-b802-4b53-b182-edcdde0d7407" testListId="8c84fa94-04c1-424b-9868-57a2d4851a1d" />
    <TestEntry testId="76aa7ab7-6725-7889-402e-64cab62476e3" executionId="ac5c09bf-e1c8-4f42-95aa-dc4bd61cdc8e" testListId="8c84fa94-04c1-424b-9868-57a2d4851a1d" />
    <TestEntry testId="05e0f630-85db-505d-982b-b6a2b98cfd03" executionId="22520989-d752-4b31-9326-cb3dd7313f52" testListId="8c84fa94-04c1-424b-9868-57a2d4851a1d" />
    <TestEntry testId="3e3448d5-c66d-7513-14b6-5bc934ebfc72" executionId="51cee890-1ca1-4854-80dc-1b1ee4166ac3" testListId="8c84fa94-04c1-424b-9868-57a2d4851a1d" />
    <TestEntry testId="1c860e3a-689c-e0cb-7686-bdc4c344db38" executionId="8e5f0e11-c142-4f39-9c9a-f8e6b672b753" testListId="8c84fa94-04c1-424b-9868-57a2d4851a1d" />
    <TestEntry testId="2996de72-49ed-1271-c171-87321e2c8252" executionId="3c917b17-2106-470b-941c-7a49e68be278" testListId="8c84fa94-04c1-424b-9868-57a2d4851a1d" />
    <TestEntry testId="afca98b0-c316-f802-f9f7-8c2e0f8142af" executionId="b782a7e9-74cd-44c6-9ef0-8b77bd7197ab" testListId="8c84fa94-04c1-424b-9868-57a2d4851a1d" />
    <TestEntry testId="6dac7de1-f437-e2d8-f1a8-6ebc379374d3" executionId="1c81ce4e-14e8-40ba-a1c0-a328c7d2d5a7" testListId="8c84fa94-04c1-424b-9868-57a2d4851a1d" />
    <TestEntry testId="bc675da6-b489-692d-ca7c-eba48ec2a28e" executionId="fe2b3660-1cc4-4e5b-8ee2-533fc4acec73" testListId="8c84fa94-04c1-424b-9868-57a2d4851a1d" />
    <TestEntry testId="cf39f18a-48b4-9d1c-538c-cb8b2a883c58" executionId="08786684-91e2-4b79-978d-f5945a71583d" testListId="8c84fa94-04c1-424b-9868-57a2d4851a1d" />
    <TestEntry testId="3879dd3d-9de0-0123-6ada-1c5b9b58b08c" executionId="5a48ca4a-89b4-462d-9fa1-ae53881fff50" testListId="8c84fa94-04c1-424b-9868-57a2d4851a1d" />
    <TestEntry testId="64bde8eb-283e-81c1-cfc9-5a5253ea1245" executionId="2d132080-0b9e-4adc-b75a-d31e9dcdd1be" testListId="8c84fa94-04c1-424b-9868-57a2d4851a1d" />
    <TestEntry testId="ff521fea-5883-1e87-727b-3ad37abbec25" executionId="bdacffe6-7123-4657-943e-886288a1f19a" testListId="8c84fa94-04c1-424b-9868-57a2d4851a1d" />
  </TestEntries>
  <TestLists>
    <TestList name="Results Not in a List" id="8c84fa94-04c1-424b-9868-57a2d4851a1d" />
    <TestList name="All Loaded Results" id="19431567-8539-422a-85d7-44ee4e166bda" />
  </TestLists>
  <ResultSummary outcome="Failed">
    <Counters total="15" executed="15" passed="1" failed="14" error="0" timeout="0" aborted="0" inconclusive="0" passedButRunAborted="0" notRunnable="0" notExecuted="0" disconnected="0" warning="0" completed="0" inProgress="0" pending="0" />
    <Output>
      <StdOut>[xUnit.net 00:00:00.00] xUnit.net VSTest Adapter v2.5.3.1+6b60a9e56a (64-bit .NET 8.0.27)&#xD;
[xUnit.net 00:00:01.56]   Discovering: EvalApp.Solid.Starter.Tests&#xD;
[xUnit.net 00:00:01.61]   Discovered:  EvalApp.Solid.Starter.Tests&#xD;
[xUnit.net 00:00:01.61]   Starting:    EvalApp.Solid.Starter.Tests&#xD;
[xUnit.net 00:00:01.68]       System.IO.FileNotFoundException : Could not load file or assembly 'EvalApp.Consumer.Core, Version=1.0.4.0, Culture=neutral, PublicKeyToken=null'. The system cannot find the file specified.&#xD;
[xUnit.net 00:00:01.68]       Stack Trace:&#xD;
[xUnit.net 00:00:01.68]            at EvalApp.Solid.Starter.Tests.Features.RulesEngine.RulesEnginePipelineTests.WhenValidOrder_Then_PipelineCalculatesFinalPrice()&#xD;
[xUnit.net 00:00:01.68]            at System.RuntimeMethodHandle.InvokeMethod(Object target, Void** arguments, Signature sig, Boolean isConstructor)&#xD;
[xUnit.net 00:00:01.68]            at System.Reflection.MethodBaseInvoker.InvokeWithNoArgs(Object obj, BindingFlags invokeAttr)&#xD;
[xUnit.net 00:00:02.61]       System.IO.FileNotFoundException : Could not load file or assembly 'EvalApp.Consumer.Core, Version=1.0.4.0, Culture=neutral, PublicKeyToken=null'. The system cannot find the file specified.&#xD;
[xUnit.net 00:00:02.61]       Stack Trace:&#xD;
[xUnit.net 00:00:02.61]            at EvalApp.Solid.Starter.Tests.Features.RulesEngine.RulesEnginePipelineTests.WhenVipWithClearanceAndPromo_Then_MaximumDiscount()&#xD;
[xUnit.net 00:00:02.61]            at System.RuntimeMethodHandle.InvokeMethod(Object target, Void** arguments, Signature sig, Boolean isConstructor)&#xD;
[xUnit.net 00:00:02.61]            at System.Reflection.MethodBaseInvoker.InvokeWithNoArgs(Object obj, BindingFlags invokeAttr)&#xD;
[xUnit.net 00:00:02.61]       System.IO.FileNotFoundException : Could not load file or assembly 'EvalApp.Consumer.Core, Version=1.0.4.0, Culture=neutral, PublicKeyToken=null'. The system cannot find the file specified.&#xD;
[xUnit.net 00:00:02.61]       Stack Trace:&#xD;
[xUnit.net 00:00:02.61]            at EvalApp.Solid.Starter.Tests.Features.RulesEngine.ApplyPromotionRulesStepTests.WhenSummer20Promo_Then_15PercentDiscount()&#xD;
[xUnit.net 00:00:02.61]            at System.RuntimeMethodHandle.InvokeMethod(Object target, Void** arguments, Signature sig, Boolean isConstructor)&#xD;
[xUnit.net 00:00:02.61]            at System.Reflection.MethodBaseInvoker.InvokeWithNoArgs(Object obj, BindingFlags invokeAttr)&#xD;
[xUnit.net 00:00:02.61]       System.IO.FileNotFoundException : Could not load file or assembly 'EvalApp.Consumer.Core, Version=1.0.4.0, Culture=neutral, PublicKeyToken=null'. The system cannot find the file specified.&#xD;
[xUnit.net 00:00:02.61]       Stack Trace:&#xD;
[xUnit.net 00:00:02.61]            at EvalApp.Solid.Starter.Tests.Features.RulesEngine.CalculateNetPriceStepTests.WhenEmptyItems_Then_NetPriceIsZero()&#xD;
[xUnit.net 00:00:02.61]            at System.RuntimeMethodHandle.InvokeMethod(Object target, Void** arguments, Signature sig, Boolean isConstructor)&#xD;
[xUnit.net 00:00:02.61]            at System.Reflection.MethodBaseInvoker.InvokeWithNoArgs(Object obj, BindingFlags invokeAttr)&#xD;
[xUnit.net 00:00:02.62]       System.IO.FileNotFoundException : Could not load file or assembly 'EvalApp.Consumer.Core, Version=1.0.4.0, Culture=neutral, PublicKeyToken=null'. The system cannot find the file specified.&#xD;
[xUnit.net 00:00:02.62]       Stack Trace:&#xD;
[xUnit.net 00:00:02.62]            at EvalApp.Solid.Starter.Tests.Features.RulesEngine.EvaluateDiscountEligibilityStepTests.WhenVipShopper_Then_EligibleForDiscount()&#xD;
[xUnit.net 00:00:02.62]            at System.RuntimeMethodHandle.InvokeMethod(Object target, Void** arguments, Signature sig, Boolean isConstructor)&#xD;
[xUnit.net 00:00:02.62]            at System.Reflection.MethodBaseInvoker.InvokeWithNoArgs(Object obj, BindingFlags invokeAttr)&#xD;
[xUnit.net 00:00:02.62]       System.IO.FileNotFoundException : Could not load file or assembly 'EvalApp.Consumer.Core, Version=1.0.4.0, Culture=neutral, PublicKeyToken=null'. The system cannot find the file specified.&#xD;
[xUnit.net 00:00:02.62]       Stack Trace:&#xD;
[xUnit.net 00:00:02.62]            at EvalApp.Solid.Starter.Tests.Features.RulesEngine.CalculateFinalPriceStepTests.WhenNoDiscount_Then_FinalPriceEqualsNetPrice()&#xD;
[xUnit.net 00:00:02.62]            at System.RuntimeMethodHandle.InvokeMethod(Object target, Void** arguments, Signature sig, Boolean isConstructor)&#xD;
[xUnit.net 00:00:02.62]            at System.Reflection.MethodBaseInvoker.InvokeWithNoArgs(Object obj, BindingFlags invokeAttr)&#xD;
[xUnit.net 00:00:02.63]       System.IO.FileNotFoundException : Could not load file or assembly 'EvalApp.Consumer.Core, Version=1.0.4.0, Culture=neutral, PublicKeyToken=null'. The system cannot find the file specified.&#xD;
[xUnit.net 00:00:02.63]       Stack Trace:&#xD;
[xUnit.net 00:00:02.63]            at EvalApp.Solid.Starter.Tests.Features.RulesEngine.CalculateFinalPriceStepTests.WhenDiscount_Then_FinalPriceIsReduced()&#xD;
[xUnit.net 00:00:02.63]            at System.RuntimeMethodHandle.InvokeMethod(Object target, Void** arguments, Signature sig, Boolean isConstructor)&#xD;
[xUnit.net 00:00:02.63]            at System.Reflection.MethodBaseInvoker.InvokeWithNoArgs(Object obj, BindingFlags invokeAttr)&#xD;
[xUnit.net 00:00:02.63]       System.IO.FileNotFoundException : Could not load file or assembly 'EvalApp.Consumer.Core, Version=1.0.4.0, Culture=neutral, PublicKeyToken=null'. The system cannot find the file specified.&#xD;
[xUnit.net 00:00:02.63]       Stack Trace:&#xD;
[xUnit.net 00:00:02.63]            at EvalApp.Solid.Starter.Tests.Features.RulesEngine.EvaluateDiscountEligibilityStepTests.WhenHighTotalSpend_Then_EligibleForDiscount()&#xD;
[xUnit.net 00:00:02.63]            at System.RuntimeMethodHandle.InvokeMethod(Object target, Void** arguments, Signature sig, Boolean isConstructor)&#xD;
[xUnit.net 00:00:02.63]            at System.Reflection.MethodBaseInvoker.InvokeWithNoArgs(Object obj, BindingFlags invokeAttr)&#xD;
[xUnit.net 00:00:02.63]       System.IO.FileNotFoundException : Could not load file or assembly 'EvalApp.Consumer.Core, Version=1.0.4.0, Culture=neutral, PublicKeyToken=null'. The system cannot find the file specified.&#xD;
[xUnit.net 00:00:02.63]       Stack Trace:&#xD;
[xUnit.net 00:00:02.63]            at EvalApp.Solid.Starter.Tests.Features.RulesEngine.ApplyPromotionRulesStepTests.WhenNotEligible_Then_NoDiscount()&#xD;
[xUnit.net 00:00:02.63]            at System.RuntimeMethodHandle.InvokeMethod(Object target, Void** arguments, Signature sig, Boolean isConstructor)&#xD;
[xUnit.net 00:00:02.63]            at System.Reflection.MethodBaseInvoker.InvokeWithNoArgs(Object obj, BindingFlags invokeAttr)&#xD;
[xUnit.net 00:00:02.63]       System.IO.FileNotFoundException : Could not load file or assembly 'EvalApp.Consumer.Core, Version=1.0.4.0, Culture=neutral, PublicKeyToken=null'. The system cannot find the file specified.&#xD;
[xUnit.net 00:00:02.63]       Stack Trace:&#xD;
[xUnit.net 00:00:02.63]            at EvalApp.Solid.Starter.Tests.Features.RulesEngine.EvaluateDiscountEligibilityStepTests.WhenHighPurchaseHistory_Then_EligibleForDiscount()&#xD;
[xUnit.net 00:00:02.63]            at System.RuntimeMethodHandle.InvokeMethod(Object target, Void** arguments, Signature sig, Boolean isConstructor)&#xD;
[xUnit.net 00:00:02.63]            at System.Reflection.MethodBaseInvoker.InvokeWithNoArgs(Object obj, BindingFlags invokeAttr)&#xD;
[xUnit.net 00:00:02.63]       System.IO.FileNotFoundException : Could not load file or assembly 'EvalApp.Consumer.Core, Version=1.0.4.0, Culture=neutral, PublicKeyToken=null'. The system cannot find the file specified.&#xD;
[xUnit.net 00:00:02.63]       Stack Trace:&#xD;
[xUnit.net 00:00:02.63]            at EvalApp.Solid.Starter.Tests.Features.RulesEngine.EvaluateDiscountEligibilityStepTests.WhenNewShopper_Then_NotEligibleForDiscount()&#xD;
[xUnit.net 00:00:02.63]            at System.RuntimeMethodHandle.InvokeMethod(Object target, Void** arguments, Signature sig, Boolean isConstructor)&#xD;
[xUnit.net 00:00:02.63]            at System.Reflection.MethodBaseInvoker.InvokeWithNoArgs(Object obj, BindingFlags invokeAttr)&#xD;
[xUnit.net 00:00:02.63]       System.IO.FileNotFoundException : Could not load file or assembly 'EvalApp.Consumer.Core, Version=1.0.4.0, Culture=neutral, PublicKeyToken=null'. The system cannot find the file specified.&#xD;
[xUnit.net 00:00:02.63]       Stack Trace:&#xD;
[xUnit.net 00:00:02.63]            at EvalApp.Solid.Starter.Tests.Features.RulesEngine.ApplyPromotionRulesStepTests.WhenVipAndClearance_Then_HighestDiscount()&#xD;
[xUnit.net 00:00:02.63]            at System.RuntimeMethodHandle.InvokeMethod(Object target, Void** arguments, Signature sig, Boolean isConstructor)&#xD;
[xUnit.net 00:00:02.63]            at System.Reflection.MethodBaseInvoker.InvokeWithNoArgs(Object obj, BindingFlags invokeAttr)&#xD;
[xUnit.net 00:00:02.63]       System.IO.FileNotFoundException : Could not load file or assembly 'EvalApp.Consumer.Core, Version=1.0.4.0, Culture=neutral, PublicKeyToken=null'. The system cannot find the file specified.&#xD;
[xUnit.net 00:00:02.63]       Stack Trace:&#xD;
[xUnit.net 00:00:02.63]            at EvalApp.Solid.Starter.Tests.Features.RulesEngine.CalculateNetPriceStepTests.WhenMultipleItems_Then_SumsAllPrices()&#xD;
[xUnit.net 00:00:02.63]            at System.RuntimeMethodHandle.InvokeMethod(Object target, Void** arguments, Signature sig, Boolean isConstructor)&#xD;
[xUnit.net 00:00:02.63]            at System.Reflection.MethodBaseInvoker.InvokeWithNoArgs(Object obj, BindingFlags invokeAttr)&#xD;
[xUnit.net 00:00:02.63]       System.IO.FileNotFoundException : Could not load file or assembly 'EvalApp.Consumer.Core, Version=1.0.4.0, Culture=neutral, PublicKeyToken=null'. The system cannot find the file specified.&#xD;
[xUnit.net 00:00:02.63]       Stack Trace:&#xD;
[xUnit.net 00:00:02.63]            at EvalApp.Solid.Starter.Tests.Features.RulesEngine.ApplyPromotionRulesStepTests.WhenClearanceItems_Then_20PercentDiscount()&#xD;
[xUnit.net 00:00:02.63]            at System.RuntimeMethodHandle.InvokeMethod(Object target, Void** arguments, Signature sig, Boolean isConstructor)&#xD;
[xUnit.net 00:00:02.63]            at System.Reflection.MethodBaseInvoker.InvokeWithNoArgs(Object obj, BindingFlags invokeAttr)&#xD;
[xUnit.net 00:00:02.63]   Finished:    EvalApp.Solid.Starter.Tests&#xD;
</StdOut>
    </Output>
    <RunInfos>
      <RunInfo computerName="LAPTOP-7HKGG9U3" outcome="Error" timestamp="2026-05-24T11:08:56.9079923+01:00">
        <Text>[xUnit.net 00:00:01.68]     EvalApp.Solid.Starter.Tests.Features.RulesEngine.RulesEnginePipelineTests.WhenValidOrder_Then_PipelineCalculatesFinalPrice [FAIL]</Text>
      </RunInfo>
      <RunInfo computerName="LAPTOP-7HKGG9U3" outcome="Error" timestamp="2026-05-24T11:08:57.8288576+01:00">
        <Text>[xUnit.net 00:00:02.61]     EvalApp.Solid.Starter.Tests.Features.RulesEngine.RulesEnginePipelineTests.WhenVipWithClearanceAndPromo_Then_MaximumDiscount [FAIL]</Text>
      </RunInfo>
      <RunInfo computerName="LAPTOP-7HKGG9U3" outcome="Error" timestamp="2026-05-24T11:08:57.8311525+01:00">
        <Text>[xUnit.net 00:00:02.61]     EvalApp.Solid.Starter.Tests.Features.RulesEngine.ApplyPromotionRulesStepTests.WhenSummer20Promo_Then_15PercentDiscount [FAIL]</Text>
      </RunInfo>
      <RunInfo computerName="LAPTOP-7HKGG9U3" outcome="Error" timestamp="2026-05-24T11:08:57.8319752+01:00">
        <Text>[xUnit.net 00:00:02.61]     EvalApp.Solid.Starter.Tests.Features.RulesEngine.CalculateNetPriceStepTests.WhenEmptyItems_Then_NetPriceIsZero [FAIL]</Text>
      </RunInfo>
      <RunInfo computerName="LAPTOP-7HKGG9U3" outcome="Error" timestamp="2026-05-24T11:08:57.8323292+01:00">
        <Text>[xUnit.net 00:00:02.61]     EvalApp.Solid.Starter.Tests.Features.RulesEngine.EvaluateDiscountEligibilityStepTests.WhenVipShopper_Then_EligibleForDiscount [FAIL]</Text>
      </RunInfo>
      <RunInfo computerName="LAPTOP-7HKGG9U3" outcome="Error" timestamp="2026-05-24T11:08:57.8328552+01:00">
        <Text>[xUnit.net 00:00:02.62]     EvalApp.Solid.Starter.Tests.Features.RulesEngine.CalculateFinalPriceStepTests.WhenNoDiscount_Then_FinalPriceEqualsNetPrice [FAIL]</Text>
      </RunInfo>
      <RunInfo computerName="LAPTOP-7HKGG9U3" outcome="Error" timestamp="2026-05-24T11:08:57.8872657+01:00">
        <Text>[xUnit.net 00:00:02.63]     EvalApp.Solid.Starter.Tests.Features.RulesEngine.CalculateFinalPriceStepTests.WhenDiscount_Then_FinalPriceIsReduced [FAIL]</Text>
      </RunInfo>
      <RunInfo computerName="LAPTOP-7HKGG9U3" outcome="Error" timestamp="2026-05-24T11:08:57.8874187+01:00">
        <Text>[xUnit.net 00:00:02.63]     EvalApp.Solid.Starter.Tests.Features.RulesEngine.EvaluateDiscountEligibilityStepTests.WhenHighTotalSpend_Then_EligibleForDiscount [FAIL]</Text>
      </RunInfo>
      <RunInfo computerName="LAPTOP-7HKGG9U3" outcome="Error" timestamp="2026-05-24T11:08:57.8875906+01:00">
        <Text>[xUnit.net 00:00:02.63]     EvalApp.Solid.Starter.Tests.Features.RulesEngine.ApplyPromotionRulesStepTests.WhenNotEligible_Then_NoDiscount [FAIL]</Text>
      </RunInfo>
      <RunInfo computerName="LAPTOP-7HKGG9U3" outcome="Error" timestamp="2026-05-24T11:08:57.8877615+01:00">
        <Text>[xUnit.net 00:00:02.63]     EvalApp.Solid.Starter.Tests.Features.RulesEngine.EvaluateDiscountEligibilityStepTests.WhenHighPurchaseHistory_Then_EligibleForDiscount [FAIL]</Text>
      </RunInfo>
      <RunInfo computerName="LAPTOP-7HKGG9U3" outcome="Error" timestamp="2026-05-24T11:08:57.8879069+01:00">
        <Text>[xUnit.net 00:00:02.63]     EvalApp.Solid.Starter.Tests.Features.RulesEngine.EvaluateDiscountEligibilityStepTests.WhenNewShopper_Then_NotEligibleForDiscount [FAIL]</Text>
      </RunInfo>
      <RunInfo computerName="LAPTOP-7HKGG9U3" outcome="Error" timestamp="2026-05-24T11:08:57.8880306+01:00">
        <Text>[xUnit.net 00:00:02.63]     EvalApp.Solid.Starter.Tests.Features.RulesEngine.ApplyPromotionRulesStepTests.WhenVipAndClearance_Then_HighestDiscount [FAIL]</Text>
      </RunInfo>
      <RunInfo computerName="LAPTOP-7HKGG9U3" outcome="Error" timestamp="2026-05-24T11:08:57.8881721+01:00">
        <Text>[xUnit.net 00:00:02.63]     EvalApp.Solid.Starter.Tests.Features.RulesEngine.CalculateNetPriceStepTests.WhenMultipleItems_Then_SumsAllPrices [FAIL]</Text>
      </RunInfo>
      <RunInfo computerName="LAPTOP-7HKGG9U3" outcome="Error" timestamp="2026-05-24T11:08:57.8883142+01:00">
        <Text>[xUnit.net 00:00:02.63]     EvalApp.Solid.Starter.Tests.Features.RulesEngine.ApplyPromotionRulesStepTests.WhenClearanceItems_Then_20PercentDiscount [FAIL]</Text>
      </RunInfo>
    </RunInfos>
  </ResultSummary>
</TestRun>