<?xml version="1.0" encoding="utf-8"?>
<TestRun id="3d059c08-a5fd-45d9-bd0b-21606cbc7993" name="dongy@EVALAPP 2026-06-30 14:08:05" runUser="EVALAPP\dongy" xmlns="http://microsoft.com/schemas/VisualStudio/TeamTest/2010">
  <Times creation="2026-06-30T14:08:05.6506128+01:00" queuing="2026-06-30T14:08:05.6506129+01:00" start="2026-06-30T14:05:31.6044503+01:00" finish="2026-06-30T14:08:05.6579316+01:00" />
  <TestSettings name="default" id="42aef9dd-63b4-40d8-a454-be1e60353fa1">
    <Deployment runDeploymentRoot="dongy_EVALAPP_2026-06-30_14_08_05" />
  </TestSettings>
  <Results>
    <UnitTestResult executionId="e05eb3c1-ea89-4721-8037-e8e30e644344" testId="6b73c53b-69f7-7549-f13b-fa6a1b538cc9" testName="GenesisNova.Tests.NavigatorMultiHopCeiling.HeldOutMultiHopLanding_BreaksTheCeiling_WithLearnedLevelRegions" computerName="EVALAPP" duration="00:02:33.3932078" startTime="2026-06-30T14:08:05.4968506+01:00" endTime="2026-06-30T14:08:05.4968656+01:00" testType="13cdc9d9-ddb5-4fa4-a97d-d965ccfc6d4b" outcome="Passed" testListId="8c84fa94-04c1-424b-9868-57a2d4851a1d" relativeResultsDirectory="e05eb3c1-ea89-4721-8037-e8e30e644344">
      <Output>
        <StdOut>=== MULTI-HOP CEILING: 86 concepts | navigator 1024/2048 | 30 held-out queries | 8 cycles (NAVMH_CYCLES) ===&#xD;
    learned level goal-regions present: genus=True domain=True root=True&#xD;
    [held-out] cyc   0 | genus     0% (resolve  100%) | domain     0% (resolve    0%) | root     0% (resolve    0%)&#xD;
    [held-out] cyc   1 | genus     0% (resolve    0%) | domain     0% (resolve    0%) | root   100% (resolve  100%)&#xD;
    [held-out] cyc   2 | genus   100% (resolve  100%) | domain   100% (resolve  100%) | root   100% (resolve  100%)&#xD;
    [held-out] cyc   3 | genus    70% (resolve  100%) | domain   100% (resolve  100%) | root   100% (resolve  100%)&#xD;
    [held-out] cyc   4 | genus    50% (resolve  100%) | domain   100% (resolve  100%) | root   100% (resolve  100%)&#xD;
    [held-out] cyc   5 | genus   100% (resolve  100%) | domain   100% (resolve  100%) | root   100% (resolve  100%)&#xD;
    [held-out] cyc   6 | genus   100% (resolve  100%) | domain   100% (resolve  100%) | root   100% (resolve  100%)&#xD;
    [held-out] cyc   7 | genus   100% (resolve  100%) | domain   100% (resolve  100%) | root   100% (resolve  100%)&#xD;
    [held-out] cyc   8 | genus   100% (resolve  100%) | domain   100% (resolve  100%) | root   100% (resolve  100%)&#xD;
=== SUMMARY (HONEST) ===&#xD;
    Genus   held-out landing: 0% 0% 100% 70% 50% 100% 100% 100% 100%  | cold 0% -&gt; warm 100% (peak 100%)&#xD;
    Domain  held-out landing: 0% 0% 100% 100% 100% 100% 100% 100% 100%  | cold 0% -&gt; warm 100% (peak 100%)&#xD;
    Root    held-out landing: 0% 100% 100% 100% 100% 100% 100% 100% 100%  | cold 0% -&gt; warm 100% (peak 100%)&#xD;
    MULTI-HOP (domain+root) held-out landing: cold 0.0% -&gt; warm 100.0% (best single-cue peak 100.0%)&#xD;
    VERDICT: the multi-hop landing ceiling is BROKEN (held-out domain/root best = 100.0%, was ~0%)&#xD;
    GENUS (1-hop) no-regression: cold 0% -&gt; warm 100%</StdOut>
      </Output>
    </UnitTestResult>
  </Results>
  <TestDefinitions>
    <UnitTest name="GenesisNova.Tests.NavigatorMultiHopCeiling.HeldOutMultiHopLanding_BreaksTheCeiling_WithLearnedLevelRegions" storage="c:\users\dongy\genesis-nova\tests\bin\debug\net8.0-windows\genesisnova.tests.dll" id="6b73c53b-69f7-7549-f13b-fa6a1b538cc9">
      <Execution id="e05eb3c1-ea89-4721-8037-e8e30e644344" />
      <TestMethod codeBase="C:\Users\dongy\genesis-nova\Tests\bin\Debug\net8.0-windows\GenesisNova.Tests.dll" adapterTypeName="executor://xunit/VsTestRunner2/netcoreapp" className="GenesisNova.Tests.NavigatorMultiHopCeiling" name="HeldOutMultiHopLanding_BreaksTheCeiling_WithLearnedLevelRegions" />
    </UnitTest>
  </TestDefinitions>
  <TestEntries>
    <TestEntry testId="6b73c53b-69f7-7549-f13b-fa6a1b538cc9" executionId="e05eb3c1-ea89-4721-8037-e8e30e644344" testListId="8c84fa94-04c1-424b-9868-57a2d4851a1d" />
  </TestEntries>
  <TestLists>
    <TestList name="Results Not in a List" id="8c84fa94-04c1-424b-9868-57a2d4851a1d" />
    <TestList name="All Loaded Results" id="19431567-8539-422a-85d7-44ee4e166bda" />
  </TestLists>
  <ResultSummary outcome="Completed">
    <Counters total="1" executed="1" passed="1" failed="0" error="0" timeout="0" aborted="0" inconclusive="0" passedButRunAborted="0" notRunnable="0" notExecuted="0" disconnected="0" warning="0" completed="0" inProgress="0" pending="0" />
    <Output>
      <StdOut>[xUnit.net 00:00:00.00] xUnit.net VSTest Adapter v2.5.3.1+6b60a9e56a (64-bit .NET 8.0.27)&#xD;
[xUnit.net 00:00:00.10]   Discovering: GenesisNova.Tests&#xD;
[xUnit.net 00:00:00.15]   Discovered:  GenesisNova.Tests&#xD;
[xUnit.net 00:00:00.15]   Starting:    GenesisNova.Tests&#xD;
[GPU] CUDA unavailable for training; using CPU fallback&#xD;
[License] V Genesis Nova licensed - full adaptive tuning enabled&#xD;
[xUnit.net 00:02:33.58]   Finished:    GenesisNova.Tests&#xD;
</StdOut>
    </Output>
  </ResultSummary>
</TestRun>